[debug] [2023-09-06T19:07:20.843Z] ----------------------------------------------------------------------
[debug] [2023-09-06T19:07:20.845Z] Command:       C:\Program Files\nodejs\node.exe C:\Users\berek\AppData\Roaming\npm\node_modules\firebase-tools\lib\bin\firebase.js emulators:start
[debug] [2023-09-06T19:07:20.845Z] CLI Version:   12.5.2
[debug] [2023-09-06T19:07:20.846Z] Platform:      win32
[debug] [2023-09-06T19:07:20.846Z] Node Version:  v18.16.0
[debug] [2023-09-06T19:07:20.850Z] Time:          Wed Sep 06 2023 22:07:20 GMT+0300 (East Africa Time)
[debug] [2023-09-06T19:07:20.850Z] ----------------------------------------------------------------------
[debug] 
[debug] [2023-09-06T19:07:20.854Z] >>> [apiv2][query] GET https://firebase-public.firebaseio.com/cli.json [none]
[debug] [2023-09-06T19:07:20.990Z] > command requires scopes: ["email","openid","https://www.googleapis.com/auth/cloudplatformprojects.readonly","https://www.googleapis.com/auth/firebase","https://www.googleapis.com/auth/cloud-platform"]
[debug] [2023-09-06T19:07:20.990Z] > authorizing via signed-in user (bereketadamsseged@gmail.com)
[info] i  emulators: Starting emulators: functions, hosting {"metadata":{"emulator":{"name":"hub"},"message":"Starting emulators: functions, hosting"}}
[debug] [2023-09-06T19:07:21.007Z] [logging] Logging Emulator only supports listening on one address (127.0.0.1). Not listening on ::1
[debug] [2023-09-06T19:07:21.007Z] [hosting] Hosting Emulator only supports listening on one address (127.0.0.1). Not listening on ::1
[debug] [2023-09-06T19:07:21.007Z] assigned listening specs for emulators {"user":{"hub":[{"address":"127.0.0.1","family":"IPv4","port":4400},{"address":"::1","family":"IPv6","port":4400}],"ui":[{"address":"127.0.0.1","family":"IPv4","port":4000},{"address":"::1","family":"IPv6","port":4000}],"logging":[{"address":"127.0.0.1","family":"IPv4","port":4500}],"hosting":[{"address":"127.0.0.1","family":"IPv4","port":5000}]},"metadata":{"message":"assigned listening specs for emulators"}}
[debug] [2023-09-06T19:07:21.020Z] [hub] writing locator at C:\Users\berek\AppData\Local\Temp\hub-replica-01.json
[debug] [2023-09-06T19:07:21.046Z] [functions] Functions Emulator only supports listening on one address (127.0.0.1). Not listening on ::1
[debug] [2023-09-06T19:07:21.047Z] [eventarc] Eventarc Emulator only supports listening on one address (127.0.0.1). Not listening on ::1
[debug] [2023-09-06T19:07:21.047Z] late-assigned ports for functions and eventarc emulators {"user":{"hub":[{"address":"127.0.0.1","family":"IPv4","port":4400},{"address":"::1","family":"IPv6","port":4400}],"ui":[{"address":"127.0.0.1","family":"IPv4","port":4000},{"address":"::1","family":"IPv6","port":4000}],"logging":[{"address":"127.0.0.1","family":"IPv4","port":4500}],"hosting":[{"address":"127.0.0.1","family":"IPv4","port":5000}],"functions":[{"address":"127.0.0.1","family":"IPv4","port":5001}],"eventarc":[{"address":"127.0.0.1","family":"IPv4","port":9299}]},"metadata":{"message":"late-assigned ports for functions and eventarc emulators"}}
[warn] !  functions: The following emulators are not running, calls to these services from the Functions emulator will affect production: auth, firestore, database, pubsub, storage {"metadata":{"emulator":{"name":"functions"},"message":"The following emulators are not running, calls to these services from the Functions emulator will affect production: \u001b[1mauth, firestore, database, pubsub, storage\u001b[22m"}}
[debug] [2023-09-06T19:07:21.053Z] defaultcredentials: writing to file C:\Users\berek\AppData\Roaming\firebase\bereketadamsseged_gmail_com_application_default_credentials.json
[debug] [2023-09-06T19:07:21.056Z] Setting GAC to C:\Users\berek\AppData\Roaming\firebase\bereketadamsseged_gmail_com_application_default_credentials.json {"metadata":{"emulator":{"name":"functions"},"message":"Setting GAC to C:\\Users\\berek\\AppData\\Roaming\\firebase\\bereketadamsseged_gmail_com_application_default_credentials.json"}}
[debug] [2023-09-06T19:07:21.057Z] > refreshing access token with scopes: []
[debug] [2023-09-06T19:07:21.058Z] >>> [apiv2][query] POST https://www.googleapis.com/oauth2/v3/token [none]
[debug] [2023-09-06T19:07:21.058Z] >>> [apiv2][body] POST https://www.googleapis.com/oauth2/v3/token [omitted]
[debug] [2023-09-06T19:07:21.637Z] <<< [apiv2][status] POST https://www.googleapis.com/oauth2/v3/token 200
[debug] [2023-09-06T19:07:21.637Z] <<< [apiv2][body] POST https://www.googleapis.com/oauth2/v3/token [omitted]
[debug] [2023-09-06T19:07:21.646Z] >>> [apiv2][query] GET https://firebase.googleapis.com/v1beta1/projects/replica-01/adminSdkConfig [none]
[debug] [2023-09-06T19:07:21.904Z] <<< [apiv2][status] GET https://firebase-public.firebaseio.com/cli.json 200
[debug] [2023-09-06T19:07:21.904Z] <<< [apiv2][body] GET https://firebase-public.firebaseio.com/cli.json {"cloudBuildErrorAfter":1594252800000,"cloudBuildWarnAfter":1590019200000,"defaultNode10After":1594252800000,"minVersion":"3.0.5","node8DeploysDisabledAfter":1613390400000,"node8RuntimeDisabledAfter":1615809600000,"node8WarnAfter":1600128000000}
[debug] [2023-09-06T19:07:22.496Z] <<< [apiv2][status] GET https://firebase.googleapis.com/v1beta1/projects/replica-01/adminSdkConfig 200
[debug] [2023-09-06T19:07:22.496Z] <<< [apiv2][body] GET https://firebase.googleapis.com/v1beta1/projects/replica-01/adminSdkConfig {"projectId":"replica-01","databaseURL":"https://replica-01-default-rtdb.firebaseio.com","storageBucket":"replica-01.appspot.com"}
[debug] [2023-09-06T19:07:22.526Z] >>> [apiv2][query] GET https://firebasehosting.googleapis.com/v1beta1/projects/replica-01/sites 
[debug] [2023-09-06T19:07:24.702Z] <<< [apiv2][status] GET https://firebasehosting.googleapis.com/v1beta1/projects/replica-01/sites 200
[debug] [2023-09-06T19:07:24.702Z] <<< [apiv2][body] GET https://firebasehosting.googleapis.com/v1beta1/projects/replica-01/sites {"sites":[{"name":"projects/replica-01/sites/replica-01","defaultUrl":"https://replica-01.web.app","appId":"1:465488799841:web:9aece5367c9682438aa220","type":"DEFAULT_SITE"}]}
[debug] [2023-09-06T19:07:24.703Z] >>> [apiv2][query] GET https://firebase.googleapis.com/v1beta1/projects/replica-01/webApps/1:465488799841:web:9aece5367c9682438aa220/config [none]
[debug] [2023-09-06T19:07:26.038Z] <<< [apiv2][status] GET https://firebase.googleapis.com/v1beta1/projects/replica-01/webApps/1:465488799841:web:9aece5367c9682438aa220/config 200
[debug] [2023-09-06T19:07:26.039Z] <<< [apiv2][body] GET https://firebase.googleapis.com/v1beta1/projects/replica-01/webApps/1:465488799841:web:9aece5367c9682438aa220/config {"projectId":"replica-01","appId":"1:465488799841:web:9aece5367c9682438aa220","databaseURL":"https://replica-01-default-rtdb.firebaseio.com","storageBucket":"replica-01.appspot.com","apiKey":"AIzaSyAKvpLYRoLFouNpySY0tA7z9u_a7LP2s7Y","authDomain":"replica-01.firebaseapp.com","messagingSenderId":"465488799841","measurementId":"G-JJT4WVJKXC"}
[debug] [2023-09-06T19:07:26.047Z] >>> [apiv2][query] GET https://firebase.googleapis.com/v1beta1/projects/replica-01 [none]
[debug] [2023-09-06T19:07:27.003Z] <<< [apiv2][status] GET https://firebase.googleapis.com/v1beta1/projects/replica-01 200
[debug] [2023-09-06T19:07:27.003Z] <<< [apiv2][body] GET https://firebase.googleapis.com/v1beta1/projects/replica-01 {"projectId":"replica-01","projectNumber":"465488799841","displayName":"Amazon-Replica-01","name":"projects/replica-01","resources":{"hostingSite":"replica-01","realtimeDatabaseInstance":"replica-01-default-rtdb"},"state":"ACTIVE","etag":"1_0bfdc4ec-f467-46a2-8d57-b7239157394d"}
[debug] [2023-09-06T19:07:27.005Z] Specified "public" directory "build" does not exist; Deploy to Hosting site "replica-01" may fail or be empty.
[info] i  hosting[replica-01]: Serving hosting files from: build {"metadata":{"emulator":{"name":"hosting"},"message":"Serving hosting files from: \u001b[1mbuild\u001b[22m"}}
[info] +  hosting[replica-01]: Local server: http://127.0.0.1:5000 {"metadata":{"emulator":{"name":"hosting"},"message":"Local server: \u001b[4m\u001b[1mhttp://127.0.0.1:5000\u001b[22m\u001b[24m"}}
[debug] [2023-09-06T19:07:27.051Z] Ignoring unsupported arg: auto_download {"metadata":{"emulator":{"name":"ui"},"message":"Ignoring unsupported arg: auto_download"}}
[debug] [2023-09-06T19:07:27.051Z] Ignoring unsupported arg: port {"metadata":{"emulator":{"name":"ui"},"message":"Ignoring unsupported arg: port"}}
[debug] [2023-09-06T19:07:27.051Z] Starting Emulator UI with command {"binary":"node","args":["C:\\Users\\berek\\.cache\\firebase\\emulators\\ui-v1.11.7\\server\\server.js"],"optionalArgs":[],"joinArgs":false} {"metadata":{"emulator":{"name":"ui"},"message":"Starting Emulator UI with command {\"binary\":\"node\",\"args\":[\"C:\\\\Users\\\\berek\\\\.cache\\\\firebase\\\\emulators\\\\ui-v1.11.7\\\\server\\\\server.js\"],\"optionalArgs\":[],\"joinArgs\":false}"}}
[info] i  ui: Emulator UI logging to ui-debug.log {"metadata":{"emulator":{"name":"ui"},"message":"Emulator UI logging to \u001b[1mui-debug.log\u001b[22m"}}
[debug] [2023-09-06T19:07:27.205Z] Web / API server started at 127.0.0.1:4000
 {"metadata":{"emulator":{"name":"ui"},"message":"Web / API server started at 127.0.0.1:4000\n"}}
[debug] [2023-09-06T19:07:27.206Z] Web / API server started at ::1:4000
 {"metadata":{"emulator":{"name":"ui"},"message":"Web / API server started at ::1:4000\n"}}
[info] i  functions: Watching "C:\Users\berek\Downloads\amazon--replica-master\amazon--replica-master\functions" for Cloud Functions... {"metadata":{"emulator":{"name":"functions"},"message":"Watching \"C:\\Users\\berek\\Downloads\\amazon--replica-master\\amazon--replica-master\\functions\" for Cloud Functions..."}}
[error] !!  functions: Failed to load function definition from source: FirebaseError: could not deploy functions because the "functions" directory was not found. Please create it or specify a different source directory in firebase.json {"metadata":{"emulator":{"name":"functions"},"message":"Failed to load function definition from source: FirebaseError: could not deploy functions because the \u001b[1m\"functions\"\u001b[22m directory was not found. Please create it or specify a different source directory in firebase.json"}}
[info] i  functions: Watching "C:\Users\berek\Downloads\amazon--replica-master\amazon--replica-master\function" for Cloud Functions... {"metadata":{"emulator":{"name":"functions"},"message":"Watching \"C:\\Users\\berek\\Downloads\\amazon--replica-master\\amazon--replica-master\\function\" for Cloud Functions..."}}
[debug] [2023-09-06T19:07:27.335Z] Validating nodejs source
[debug] [2023-09-06T19:07:29.921Z] > [functions] package.json contents: {
  "name": "functions",
  "description": "Cloud Functions for Firebase",
  "scripts": {
    "serve": "firebase emulators:start --only functions",
    "shell": "firebase functions:shell",
    "start": "npm run shell",
    "deploy": "firebase deploy --only functions",
    "logs": "firebase functions:log"
  },
  "engines": {
    "node": "18"
  },
  "main": "index.js",
  "dependencies": {
    "cors": "^2.8.5",
    "dotenv": "^16.3.1",
    "express": "^4.18.2",
    "firebase-admin": "^11.8.0",
    "firebase-functions": "^4.4.1",
    "nodemon": "^3.0.1",
    "stripe": "^13.3.0"
  },
  "devDependencies": {
    "firebase-functions-test": "^3.1.0"
  },
  "private": true
}
[debug] [2023-09-06T19:07:29.922Z] Building nodejs source
[debug] [2023-09-06T19:07:29.922Z] Failed to find version of module node: reached end of search path C:\Users\berek\Downloads\amazon--replica-master\amazon--replica-master\function\node_modules
[info] +  functions: Using node@18 from host. 
[debug] [2023-09-06T19:07:29.925Z] Could not find functions.yaml. Must use http discovery
[debug] [2023-09-06T19:07:29.935Z] Found firebase-functions binary at 'C:\Users\berek\Downloads\amazon--replica-master\amazon--replica-master\function\node_modules\.bin\firebase-functions'
[info] Serving at port 8428

[debug] [2023-09-06T19:07:31.083Z] Got response from /__/functions.yaml {"endpoints":{"api":{"platform":"gcfv1","availableMemoryMb":null,"timeoutSeconds":null,"minInstances":null,"maxInstances":null,"ingressSettings":null,"serviceAccountEmail":null,"vpc":null,"httpsTrigger":{},"entryPoint":"api"}},"specVersion":"v1alpha1","requiredAPIs":[]}
[info] shutdown requested via /__/quitquitquit

[info] +  functions: Loaded functions definitions from source: api. {"metadata":{"emulator":{"name":"functions"},"message":"Loaded functions definitions from source: api."}}
[info] +  functions[us-central1-api]: http function initialized (http://127.0.0.1:5001/replica-01/us-central1/api). {"metadata":{"emulator":{"name":"functions"},"message":"\u001b[1mhttp\u001b[22m function initialized (http://127.0.0.1:5001/replica-01/us-central1/api)."}}
[info] 
┌─────────────────────────────────────────────────────────────┐
│ ✔  All emulators ready! It is now safe to connect your app. │
│ i  View Emulator UI at http://127.0.0.1:4000/               │
└─────────────────────────────────────────────────────────────┘

┌───────────┬────────────────┬─────────────────────────────────┐
│ Emulator  │ Host:Port      │ View in Emulator UI             │
├───────────┼────────────────┼─────────────────────────────────┤
│ Functions │ 127.0.0.1:5001 │ http://127.0.0.1:4000/functions │
├───────────┼────────────────┼─────────────────────────────────┤
│ Hosting   │ 127.0.0.1:5000 │ n/a                             │
└───────────┴────────────────┴─────────────────────────────────┘
  Emulator Hub running at 127.0.0.1:4400
  Other reserved ports: 4500

Issues? Report them at https://github.com/firebase/firebase-tools/issues and attach the *-debug.log files.
 
[debug] [2023-09-06T19:07:43.031Z] [work-queue] {"queuedWork":["/replica-01/us-central1/api-2023-09-06T19:07:43.031Z"],"queueLength":1,"runningWork":[],"workRunningCount":0}
[debug] [2023-09-06T19:07:43.032Z] [work-queue] {"queuedWork":[],"queueLength":0,"runningWork":["/replica-01/us-central1/api-2023-09-06T19:07:43.031Z"],"workRunningCount":1}
[debug] [2023-09-06T19:07:43.033Z] Accepted request GET /replica-01/us-central1/api --> us-central1-api
[debug] [2023-09-06T19:07:43.039Z] [functions] Runtime ready! Sending request! {"metadata":{"emulator":{"name":"functions"},"message":"[functions] Runtime ready! Sending request!"}}
[debug] [2023-09-06T19:07:43.041Z] [functions] Got req.url=/replica-01/us-central1/api, mapping to path=/ {"metadata":{"emulator":{"name":"functions"},"message":"[functions] Got req.url=/replica-01/us-central1/api, mapping to path=/"}}
[debug] [2023-09-06T19:07:43.066Z] [worker-pool] addWorker(us-central1-api) {"metadata":{"emulator":{"name":"functions"},"message":"[worker-pool] addWorker(us-central1-api)"}}
[debug] [2023-09-06T19:07:43.069Z] [worker-pool] Adding worker with key us-central1-api, total=1 {"metadata":{"emulator":{"name":"functions"},"message":"[worker-pool] Adding worker with key us-central1-api, total=1"}}
[debug] [2023-09-06T19:07:44.536Z] [runtime-status] [32484] Resolved module firebase-admin {"declared":true,"installed":true,"version":"11.10.1","resolution":"C:\\Users\\berek\\Downloads\\amazon--replica-master\\amazon--replica-master\\function\\node_modules\\firebase-admin\\lib\\index.js"} {"metadata":{"emulator":{"name":"functions"},"function":{"name":"us-central1-api"},"extension":{},"message":"[runtime-status] [32484] Resolved module firebase-admin {\"declared\":true,\"installed\":true,\"version\":\"11.10.1\",\"resolution\":\"C:\\\\Users\\\\berek\\\\Downloads\\\\amazon--replica-master\\\\amazon--replica-master\\\\function\\\\node_modules\\\\firebase-admin\\\\lib\\\\index.js\"}"}}
[debug] [2023-09-06T19:07:44.538Z] [runtime-status] [32484] Resolved module firebase-functions {"declared":true,"installed":true,"version":"4.4.1","resolution":"C:\\Users\\berek\\Downloads\\amazon--replica-master\\amazon--replica-master\\function\\node_modules\\firebase-functions\\lib\\v1\\index.js"} {"metadata":{"emulator":{"name":"functions"},"function":{"name":"us-central1-api"},"extension":{},"message":"[runtime-status] [32484] Resolved module firebase-functions {\"declared\":true,\"installed\":true,\"version\":\"4.4.1\",\"resolution\":\"C:\\\\Users\\\\berek\\\\Downloads\\\\amazon--replica-master\\\\amazon--replica-master\\\\function\\\\node_modules\\\\firebase-functions\\\\lib\\\\v1\\\\index.js\"}"}}
[debug] [2023-09-06T19:07:44.538Z] [runtime-status] [32484] Outgoing network have been stubbed. [{"name":"http","status":"mocked"},{"name":"http","status":"mocked"},{"name":"https","status":"mocked"},{"name":"https","status":"mocked"},{"name":"net","status":"mocked"}] {"metadata":{"emulator":{"name":"functions"},"function":{"name":"us-central1-api"},"extension":{},"message":"[runtime-status] [32484] Outgoing network have been stubbed. [{\"name\":\"http\",\"status\":\"mocked\"},{\"name\":\"http\",\"status\":\"mocked\"},{\"name\":\"https\",\"status\":\"mocked\"},{\"name\":\"https\",\"status\":\"mocked\"},{\"name\":\"net\",\"status\":\"mocked\"}]"}}
[debug] [2023-09-06T19:07:44.539Z] [runtime-status] [32484] Resolved module firebase-functions {"declared":true,"installed":true,"version":"4.4.1","resolution":"C:\\Users\\berek\\Downloads\\amazon--replica-master\\amazon--replica-master\\function\\node_modules\\firebase-functions\\lib\\v1\\index.js"} {"metadata":{"emulator":{"name":"functions"},"function":{"name":"us-central1-api"},"extension":{},"message":"[runtime-status] [32484] Resolved module firebase-functions {\"declared\":true,\"installed\":true,\"version\":\"4.4.1\",\"resolution\":\"C:\\\\Users\\\\berek\\\\Downloads\\\\amazon--replica-master\\\\amazon--replica-master\\\\function\\\\node_modules\\\\firebase-functions\\\\lib\\\\v1\\\\index.js\"}"}}
[debug] [2023-09-06T19:07:44.889Z] [runtime-status] [32484] Checked functions.config() {"config":{}} {"metadata":{"emulator":{"name":"functions"},"function":{"name":"us-central1-api"},"extension":{},"message":"[runtime-status] [32484] Checked functions.config() {\"config\":{}}"}}
[debug] [2023-09-06T19:07:44.889Z] [runtime-status] [32484] firebase-functions has been stubbed. {"functionsResolution":{"declared":true,"installed":true,"version":"4.4.1","resolution":"C:\\Users\\berek\\Downloads\\amazon--replica-master\\amazon--replica-master\\function\\node_modules\\firebase-functions\\lib\\v1\\index.js"}} {"metadata":{"emulator":{"name":"functions"},"function":{"name":"us-central1-api"},"extension":{},"message":"[runtime-status] [32484] firebase-functions has been stubbed. {\"functionsResolution\":{\"declared\":true,\"installed\":true,\"version\":\"4.4.1\",\"resolution\":\"C:\\\\Users\\\\berek\\\\Downloads\\\\amazon--replica-master\\\\amazon--replica-master\\\\function\\\\node_modules\\\\firebase-functions\\\\lib\\\\v1\\\\index.js\"}}"}}
[debug] [2023-09-06T19:07:44.890Z] [runtime-status] [32484] Resolved module firebase-functions {"declared":true,"installed":true,"version":"4.4.1","resolution":"C:\\Users\\berek\\Downloads\\amazon--replica-master\\amazon--replica-master\\function\\node_modules\\firebase-functions\\lib\\v1\\index.js"} {"metadata":{"emulator":{"name":"functions"},"function":{"name":"us-central1-api"},"extension":{},"message":"[runtime-status] [32484] Resolved module firebase-functions {\"declared\":true,\"installed\":true,\"version\":\"4.4.1\",\"resolution\":\"C:\\\\Users\\\\berek\\\\Downloads\\\\amazon--replica-master\\\\amazon--replica-master\\\\function\\\\node_modules\\\\firebase-functions\\\\lib\\\\v1\\\\index.js\"}"}}
[debug] [2023-09-06T19:07:44.892Z] [runtime-status] [32484] Resolved module firebase-admin {"declared":true,"installed":true,"version":"11.10.1","resolution":"C:\\Users\\berek\\Downloads\\amazon--replica-master\\amazon--replica-master\\function\\node_modules\\firebase-admin\\lib\\index.js"} {"metadata":{"emulator":{"name":"functions"},"function":{"name":"us-central1-api"},"extension":{},"message":"[runtime-status] [32484] Resolved module firebase-admin {\"declared\":true,\"installed\":true,\"version\":\"11.10.1\",\"resolution\":\"C:\\\\Users\\\\berek\\\\Downloads\\\\amazon--replica-master\\\\amazon--replica-master\\\\function\\\\node_modules\\\\firebase-admin\\\\lib\\\\index.js\"}"}}
[debug] [2023-09-06T19:07:44.899Z] [runtime-status] [32484] Resolved module firebase-functions {"declared":true,"installed":true,"version":"4.4.1","resolution":"C:\\Users\\berek\\Downloads\\amazon--replica-master\\amazon--replica-master\\function\\node_modules\\firebase-functions\\lib\\v1\\index.js"} {"metadata":{"emulator":{"name":"functions"},"function":{"name":"us-central1-api"},"extension":{},"message":"[runtime-status] [32484] Resolved module firebase-functions {\"declared\":true,\"installed\":true,\"version\":\"4.4.1\",\"resolution\":\"C:\\\\Users\\\\berek\\\\Downloads\\\\amazon--replica-master\\\\amazon--replica-master\\\\function\\\\node_modules\\\\firebase-functions\\\\lib\\\\v1\\\\index.js\"}"}}
[debug] [2023-09-06T19:07:44.900Z] [runtime-status] [32484] firebase-admin has been stubbed. {"adminResolution":{"declared":true,"installed":true,"version":"11.10.1","resolution":"C:\\Users\\berek\\Downloads\\amazon--replica-master\\amazon--replica-master\\function\\node_modules\\firebase-admin\\lib\\index.js"}} {"metadata":{"emulator":{"name":"functions"},"function":{"name":"us-central1-api"},"extension":{},"message":"[runtime-status] [32484] firebase-admin has been stubbed. {\"adminResolution\":{\"declared\":true,\"installed\":true,\"version\":\"11.10.1\",\"resolution\":\"C:\\\\Users\\\\berek\\\\Downloads\\\\amazon--replica-master\\\\amazon--replica-master\\\\function\\\\node_modules\\\\firebase-admin\\\\lib\\\\index.js\"}}"}}
[debug] [2023-09-06T19:07:45.126Z] [runtime-status] [32484] Functions runtime initialized. {"cwd":"C:\\Users\\berek\\Downloads\\amazon--replica-master\\amazon--replica-master\\function","node_version":"18.16.0"} {"metadata":{"emulator":{"name":"functions"},"function":{"name":"us-central1-api"},"extension":{},"message":"[runtime-status] [32484] Functions runtime initialized. {\"cwd\":\"C:\\\\Users\\\\berek\\\\Downloads\\\\amazon--replica-master\\\\amazon--replica-master\\\\function\",\"node_version\":\"18.16.0\"}"}}
[debug] [2023-09-06T19:07:45.126Z] [runtime-status] [32484] Listening to port: \\?\pipe\fire_emu_22aa6ffea616a698 {"metadata":{"emulator":{"name":"functions"},"function":{"name":"us-central1-api"},"extension":{},"message":"[runtime-status] [32484] Listening to port: \\\\?\\pipe\\fire_emu_22aa6ffea616a698"}}
[debug] [2023-09-06T19:07:45.176Z] [worker-us-central1-api-a26e8949-25cc-4a38-a57b-9fd6b02be052]: IDLE {"metadata":{"emulator":{"name":"functions"},"function":{"name":"us-central1-api"},"extension":{},"message":"[worker-us-central1-api-a26e8949-25cc-4a38-a57b-9fd6b02be052]: IDLE"}}
[debug] [2023-09-06T19:07:45.177Z] [worker-pool] submitRequest(triggerId=us-central1-api) {"metadata":{"emulator":{"name":"functions"},"message":"[worker-pool] submitRequest(triggerId=us-central1-api)"}}
[info] i  functions: Beginning execution of "us-central1-api" {"metadata":{"emulator":{"name":"functions"},"function":{"name":"us-central1-api"},"extension":{},"message":"Beginning execution of \"us-central1-api\""}}
[debug] [2023-09-06T19:07:45.178Z] [worker-us-central1-api-a26e8949-25cc-4a38-a57b-9fd6b02be052]: BUSY {"metadata":{"emulator":{"name":"functions"},"function":{"name":"us-central1-api"},"extension":{},"message":"[worker-us-central1-api-a26e8949-25cc-4a38-a57b-9fd6b02be052]: BUSY"}}
[debug] [2023-09-06T19:07:45.186Z] Finishing up request with event=pause {"metadata":{"emulator":{"name":"functions"},"function":{"name":"us-central1-api"},"extension":{},"message":"Finishing up request with event=pause"}}
[info] i  functions: Finished "us-central1-api" in 8.1323ms {"metadata":{"emulator":{"name":"functions"},"function":{"name":"us-central1-api"},"extension":{},"message":"Finished \"us-central1-api\" in 8.1323ms"}}
[debug] [2023-09-06T19:07:45.187Z] [worker-us-central1-api-a26e8949-25cc-4a38-a57b-9fd6b02be052]: IDLE {"metadata":{"emulator":{"name":"functions"},"function":{"name":"us-central1-api"},"extension":{},"message":"[worker-us-central1-api-a26e8949-25cc-4a38-a57b-9fd6b02be052]: IDLE"}}
[debug] [2023-09-06T19:07:45.187Z] Finishing up request with event=finish {"metadata":{"emulator":{"name":"functions"},"function":{"name":"us-central1-api"},"extension":{},"message":"Finishing up request with event=finish"}}
[debug] [2023-09-06T19:07:45.187Z] Finishing up request with event=close {"metadata":{"emulator":{"name":"functions"},"function":{"name":"us-central1-api"},"extension":{},"message":"Finishing up request with event=close"}}
[debug] [2023-09-06T19:07:45.188Z] [work-queue] {"queuedWork":[],"queueLength":0,"runningWork":[],"workRunningCount":0}
[debug] [2023-09-07T04:15:01.525Z] ----------------------------------------------------------------------
[debug] [2023-09-07T04:15:01.528Z] Command:       C:\Program Files\nodejs\node.exe C:\Users\berek\AppData\Roaming\npm\node_modules\firebase-tools\lib\bin\firebase.js emulators:start
[debug] [2023-09-07T04:15:01.528Z] CLI Version:   12.5.2
[debug] [2023-09-07T04:15:01.528Z] Platform:      win32
[debug] [2023-09-07T04:15:01.528Z] Node Version:  v18.16.0
[debug] [2023-09-07T04:15:01.529Z] Time:          Thu Sep 07 2023 07:15:01 GMT+0300 (East Africa Time)
[debug] [2023-09-07T04:15:01.529Z] ----------------------------------------------------------------------
[debug] 
[debug] [2023-09-07T04:15:01.653Z] > command requires scopes: ["email","openid","https://www.googleapis.com/auth/cloudplatformprojects.readonly","https://www.googleapis.com/auth/firebase","https://www.googleapis.com/auth/cloud-platform"]
[debug] [2023-09-07T04:15:01.653Z] > authorizing via signed-in user (bereketadamsseged@gmail.com)
[info] i  emulators: Starting emulators: functions, hosting {"metadata":{"emulator":{"name":"hub"},"message":"Starting emulators: functions, hosting"}}
[debug] [2023-09-07T04:15:01.670Z] [logging] Logging Emulator only supports listening on one address (127.0.0.1). Not listening on ::1
[debug] [2023-09-07T04:15:01.671Z] [hosting] Hosting Emulator only supports listening on one address (127.0.0.1). Not listening on ::1
[debug] [2023-09-07T04:15:01.671Z] assigned listening specs for emulators {"user":{"hub":[{"address":"127.0.0.1","family":"IPv4","port":4400},{"address":"::1","family":"IPv6","port":4400}],"ui":[{"address":"127.0.0.1","family":"IPv4","port":4000},{"address":"::1","family":"IPv6","port":4000}],"logging":[{"address":"127.0.0.1","family":"IPv4","port":4500}],"hosting":[{"address":"127.0.0.1","family":"IPv4","port":5000}]},"metadata":{"message":"assigned listening specs for emulators"}}
[warn] !  emulators: It seems that you are running multiple instances of the emulator suite for project replica-01. This may result in unexpected behavior. 
[debug] [2023-09-07T04:15:01.695Z] [hub] writing locator at C:\Users\berek\AppData\Local\Temp\hub-replica-01.json
[debug] [2023-09-07T04:15:01.728Z] [functions] Functions Emulator only supports listening on one address (127.0.0.1). Not listening on ::1
[debug] [2023-09-07T04:15:01.728Z] [eventarc] Eventarc Emulator only supports listening on one address (127.0.0.1). Not listening on ::1
[debug] [2023-09-07T04:15:01.728Z] late-assigned ports for functions and eventarc emulators {"user":{"hub":[{"address":"127.0.0.1","family":"IPv4","port":4400},{"address":"::1","family":"IPv6","port":4400}],"ui":[{"address":"127.0.0.1","family":"IPv4","port":4000},{"address":"::1","family":"IPv6","port":4000}],"logging":[{"address":"127.0.0.1","family":"IPv4","port":4500}],"hosting":[{"address":"127.0.0.1","family":"IPv4","port":5000}],"functions":[{"address":"127.0.0.1","family":"IPv4","port":5001}],"eventarc":[{"address":"127.0.0.1","family":"IPv4","port":9299}]},"metadata":{"message":"late-assigned ports for functions and eventarc emulators"}}
[warn] !  functions: The following emulators are not running, calls to these services from the Functions emulator will affect production: auth, firestore, database, pubsub, storage {"metadata":{"emulator":{"name":"functions"},"message":"The following emulators are not running, calls to these services from the Functions emulator will affect production: \u001b[1mauth, firestore, database, pubsub, storage\u001b[22m"}}
[debug] [2023-09-07T04:15:01.735Z] defaultcredentials: writing to file C:\Users\berek\AppData\Roaming\firebase\bereketadamsseged_gmail_com_application_default_credentials.json
[debug] [2023-09-07T04:15:01.738Z] Setting GAC to C:\Users\berek\AppData\Roaming\firebase\bereketadamsseged_gmail_com_application_default_credentials.json {"metadata":{"emulator":{"name":"functions"},"message":"Setting GAC to C:\\Users\\berek\\AppData\\Roaming\\firebase\\bereketadamsseged_gmail_com_application_default_credentials.json"}}
[debug] [2023-09-07T04:15:01.740Z] > refreshing access token with scopes: []
[debug] [2023-09-07T04:15:01.743Z] >>> [apiv2][query] POST https://www.googleapis.com/oauth2/v3/token [none]
[debug] [2023-09-07T04:15:01.743Z] >>> [apiv2][body] POST https://www.googleapis.com/oauth2/v3/token [omitted]
[debug] [2023-09-07T04:15:02.297Z] <<< [apiv2][status] POST https://www.googleapis.com/oauth2/v3/token 200
[debug] [2023-09-07T04:15:02.297Z] <<< [apiv2][body] POST https://www.googleapis.com/oauth2/v3/token [omitted]
[debug] [2023-09-07T04:15:02.307Z] >>> [apiv2][query] GET https://firebase.googleapis.com/v1beta1/projects/replica-01/adminSdkConfig [none]
[debug] [2023-09-07T04:15:03.022Z] <<< [apiv2][status] GET https://firebase.googleapis.com/v1beta1/projects/replica-01/adminSdkConfig 200
[debug] [2023-09-07T04:15:03.022Z] <<< [apiv2][body] GET https://firebase.googleapis.com/v1beta1/projects/replica-01/adminSdkConfig {"projectId":"replica-01","databaseURL":"https://replica-01-default-rtdb.firebaseio.com","storageBucket":"replica-01.appspot.com"}
[debug] [2023-09-07T04:15:03.067Z] >>> [apiv2][query] GET https://firebasehosting.googleapis.com/v1beta1/projects/replica-01/sites 
[debug] [2023-09-07T04:15:05.124Z] <<< [apiv2][status] GET https://firebasehosting.googleapis.com/v1beta1/projects/replica-01/sites 200
[debug] [2023-09-07T04:15:05.124Z] <<< [apiv2][body] GET https://firebasehosting.googleapis.com/v1beta1/projects/replica-01/sites {"sites":[{"name":"projects/replica-01/sites/replica-01","defaultUrl":"https://replica-01.web.app","appId":"1:465488799841:web:9aece5367c9682438aa220","type":"DEFAULT_SITE"}]}
[debug] [2023-09-07T04:15:05.125Z] >>> [apiv2][query] GET https://firebase.googleapis.com/v1beta1/projects/replica-01/webApps/1:465488799841:web:9aece5367c9682438aa220/config [none]
[debug] [2023-09-07T04:15:06.322Z] <<< [apiv2][status] GET https://firebase.googleapis.com/v1beta1/projects/replica-01/webApps/1:465488799841:web:9aece5367c9682438aa220/config 200
[debug] [2023-09-07T04:15:06.322Z] <<< [apiv2][body] GET https://firebase.googleapis.com/v1beta1/projects/replica-01/webApps/1:465488799841:web:9aece5367c9682438aa220/config {"projectId":"replica-01","appId":"1:465488799841:web:9aece5367c9682438aa220","databaseURL":"https://replica-01-default-rtdb.firebaseio.com","storageBucket":"replica-01.appspot.com","apiKey":"AIzaSyAKvpLYRoLFouNpySY0tA7z9u_a7LP2s7Y","authDomain":"replica-01.firebaseapp.com","messagingSenderId":"465488799841","measurementId":"G-JJT4WVJKXC"}
[debug] [2023-09-07T04:15:06.326Z] >>> [apiv2][query] GET https://firebase.googleapis.com/v1beta1/projects/replica-01 [none]
[debug] [2023-09-07T04:15:06.987Z] <<< [apiv2][status] GET https://firebase.googleapis.com/v1beta1/projects/replica-01 200
[debug] [2023-09-07T04:15:06.988Z] <<< [apiv2][body] GET https://firebase.googleapis.com/v1beta1/projects/replica-01 {"projectId":"replica-01","projectNumber":"465488799841","displayName":"Amazon-Replica-01","name":"projects/replica-01","resources":{"hostingSite":"replica-01","realtimeDatabaseInstance":"replica-01-default-rtdb"},"state":"ACTIVE","etag":"1_0bfdc4ec-f467-46a2-8d57-b7239157394d"}
[debug] [2023-09-07T04:15:06.990Z] Specified "public" directory "build" does not exist; Deploy to Hosting site "replica-01" may fail or be empty.
[info] i  hosting[replica-01]: Serving hosting files from: build {"metadata":{"emulator":{"name":"hosting"},"message":"Serving hosting files from: \u001b[1mbuild\u001b[22m"}}
[info] +  hosting[replica-01]: Local server: http://127.0.0.1:5000 {"metadata":{"emulator":{"name":"hosting"},"message":"Local server: \u001b[4m\u001b[1mhttp://127.0.0.1:5000\u001b[22m\u001b[24m"}}
[debug] [2023-09-07T04:15:07.031Z] Ignoring unsupported arg: auto_download {"metadata":{"emulator":{"name":"ui"},"message":"Ignoring unsupported arg: auto_download"}}
[debug] [2023-09-07T04:15:07.032Z] Ignoring unsupported arg: port {"metadata":{"emulator":{"name":"ui"},"message":"Ignoring unsupported arg: port"}}
[debug] [2023-09-07T04:15:07.032Z] Starting Emulator UI with command {"binary":"node","args":["C:\\Users\\berek\\.cache\\firebase\\emulators\\ui-v1.11.7\\server\\server.js"],"optionalArgs":[],"joinArgs":false} {"metadata":{"emulator":{"name":"ui"},"message":"Starting Emulator UI with command {\"binary\":\"node\",\"args\":[\"C:\\\\Users\\\\berek\\\\.cache\\\\firebase\\\\emulators\\\\ui-v1.11.7\\\\server\\\\server.js\"],\"optionalArgs\":[],\"joinArgs\":false}"}}
[info] i  ui: Emulator UI logging to ui-debug.log {"metadata":{"emulator":{"name":"ui"},"message":"Emulator UI logging to \u001b[1mui-debug.log\u001b[22m"}}
[debug] [2023-09-07T04:15:07.184Z] Web / API server started at 127.0.0.1:4000
 {"metadata":{"emulator":{"name":"ui"},"message":"Web / API server started at 127.0.0.1:4000\n"}}
[debug] [2023-09-07T04:15:07.185Z] Web / API server started at ::1:4000
 {"metadata":{"emulator":{"name":"ui"},"message":"Web / API server started at ::1:4000\n"}}
[info] i  functions: Watching "C:\Users\berek\Downloads\amazon--replica-master\amazon--replica-master\functions" for Cloud Functions... {"metadata":{"emulator":{"name":"functions"},"message":"Watching \"C:\\Users\\berek\\Downloads\\amazon--replica-master\\amazon--replica-master\\functions\" for Cloud Functions..."}}
[error] !!  functions: Failed to load function definition from source: FirebaseError: could not deploy functions because the "functions" directory was not found. Please create it or specify a different source directory in firebase.json {"metadata":{"emulator":{"name":"functions"},"message":"Failed to load function definition from source: FirebaseError: could not deploy functions because the \u001b[1m\"functions\"\u001b[22m directory was not found. Please create it or specify a different source directory in firebase.json"}}
[info] i  functions: Watching "C:\Users\berek\Downloads\amazon--replica-master\amazon--replica-master\function" for Cloud Functions... {"metadata":{"emulator":{"name":"functions"},"message":"Watching \"C:\\Users\\berek\\Downloads\\amazon--replica-master\\amazon--replica-master\\function\" for Cloud Functions..."}}
[debug] [2023-09-07T04:15:07.312Z] Validating nodejs source
[debug] [2023-09-07T04:15:09.940Z] > [functions] package.json contents: {
  "name": "functions",
  "description": "Cloud Functions for Firebase",
  "scripts": {
    "serve": "firebase emulators:start --only functions",
    "shell": "firebase functions:shell",
    "start": "npm run shell",
    "deploy": "firebase deploy --only functions",
    "logs": "firebase functions:log"
  },
  "engines": {
    "node": "18"
  },
  "main": "index.js",
  "dependencies": {
    "cors": "^2.8.5",
    "dotenv": "^16.3.1",
    "express": "^4.18.2",
    "firebase-admin": "^11.8.0",
    "firebase-functions": "^4.4.1",
    "nodemon": "^3.0.1",
    "stripe": "^13.3.0"
  },
  "devDependencies": {
    "firebase-functions-test": "^3.1.0"
  },
  "private": true
}
[debug] [2023-09-07T04:15:09.940Z] Building nodejs source
[debug] [2023-09-07T04:15:09.941Z] Failed to find version of module node: reached end of search path C:\Users\berek\Downloads\amazon--replica-master\amazon--replica-master\function\node_modules
[info] +  functions: Using node@18 from host. 
[debug] [2023-09-07T04:15:09.944Z] Could not find functions.yaml. Must use http discovery
[debug] [2023-09-07T04:15:09.955Z] Found firebase-functions binary at 'C:\Users\berek\Downloads\amazon--replica-master\amazon--replica-master\function\node_modules\.bin\firebase-functions'
[info] Serving at port 8162

[debug] [2023-09-07T04:15:11.165Z] Got response from /__/functions.yaml {"endpoints":{"api":{"platform":"gcfv1","availableMemoryMb":null,"timeoutSeconds":null,"minInstances":null,"maxInstances":null,"ingressSettings":null,"serviceAccountEmail":null,"vpc":null,"httpsTrigger":{},"entryPoint":"api"}},"specVersion":"v1alpha1","requiredAPIs":[]}
[info] shutdown requested via /__/quitquitquit

[info] +  functions: Loaded functions definitions from source: api. {"metadata":{"emulator":{"name":"functions"},"message":"Loaded functions definitions from source: api."}}
[info] +  functions[us-central1-api]: http function initialized (http://127.0.0.1:5001/replica-01/us-central1/api). {"metadata":{"emulator":{"name":"functions"},"message":"\u001b[1mhttp\u001b[22m function initialized (http://127.0.0.1:5001/replica-01/us-central1/api)."}}
[info] 
┌─────────────────────────────────────────────────────────────┐
│ ✔  All emulators ready! It is now safe to connect your app. │
│ i  View Emulator UI at http://127.0.0.1:4000/               │
└─────────────────────────────────────────────────────────────┘

┌───────────┬────────────────┬─────────────────────────────────┐
│ Emulator  │ Host:Port      │ View in Emulator UI             │
├───────────┼────────────────┼─────────────────────────────────┤
│ Functions │ 127.0.0.1:5001 │ http://127.0.0.1:4000/functions │
├───────────┼────────────────┼─────────────────────────────────┤
│ Hosting   │ 127.0.0.1:5000 │ n/a                             │
└───────────┴────────────────┴─────────────────────────────────┘
  Emulator Hub running at 127.0.0.1:4400
  Other reserved ports: 4500

Issues? Report them at https://github.com/firebase/firebase-tools/issues and attach the *-debug.log files.
 
